total 16088016
lrwxrwxrwx  1 vuniverse vuniverse          44 Jan  8  2021 PlsNo.jar -> /home/vuniverse/Documents/TLauncher-2.75.jar
drwxrwxr-x  3 vuniverse vuniverse        4096 Mar  9 21:36 Cppcode
-rw-rw-r--  1 vuniverse vuniverse    74071796 Apr 25 19:06 PortWGC-44
drwxrwxr-x  3 vuniverse vuniverse        4096 May  5 18:30 Steam
drwxrwxr-x  7 vuniverse vuniverse        4096 May  8 22:56 android-studio
drwxrwxr-x  3 vuniverse vuniverse        4096 May  9 09:49 Android
drwxrwxr-x  8 vuniverse vuniverse        4096 May 23 10:28 clion-2020.1.1
drwxrwxr-x  8 vuniverse vuniverse        4096 May 23 12:31 clion-2021.1.1
-rw-rw-r--  1 vuniverse vuniverse      148188 May 26 07:25 java_error_in_CLION_159269.log
drwxr-xr-x  6 vuniverse vuniverse        4096 Jun  3 20:10 The Offspring
drwxrwxr-x  3 vuniverse vuniverse        4096 Jun 15 14:25 Library
drwxrwxr-x  3 vuniverse vuniverse        4096 Jun 16 07:38 eclipse
drwxrwxr-x  3 vuniverse vuniverse        4096 Jun 16 09:13 eclipse-workspace
-rw-rw-r--  1 vuniverse vuniverse      400415 Jun 16 12:06 Rails.kra
drwxrwxr-x 11 vuniverse vuniverse        4096 Jun 17 22:19 aseprite
drwxrwxr-x  4 vuniverse vuniverse        4096 Jun 17 22:34 deps
drwxrwxr-x  4 vuniverse vuniverse        4096 Jun 22 10:46 aseprite-russian
-rw-rw-r--  1 vuniverse vuniverse          87 Jul  1 19:29 None.png
-rw-rw-r--  1 vuniverse vuniverse        8632 Jul  6 16:50 Roll_All.png
drwxrwxr-x 12 vuniverse vuniverse        4096 Jul  8 08:46 Doom64EX
drwxr-xr-x 14 vuniverse vuniverse        4096 Aug 10 16:51 Machine Head
drwxr-xr-x  9 vuniverse vuniverse        4096 Aug 10 17:08 Billy Talent
drwxrwxr-x  4 vuniverse vuniverse      126976 Aug 10 22:48 Music
drwxrwxr-x  8 vuniverse vuniverse        4096 Aug 11 10:16 Pictures
-rw-rw-r--  1 vuniverse vuniverse 16398775657 Aug 18 15:30 1.tar.gz
-rw-rw-r--  1 vuniverse vuniverse         311 Aug 18 16:48 config.h
-rw-rw-r--  1 vuniverse vuniverse       22210 Aug 18 16:48 CMakeCache.txt
-rw-rw-r--  1 vuniverse vuniverse      331691 Aug 18 16:48 Makefile
-rw-rw-r--  1 vuniverse vuniverse        4350 Aug 18 16:48 cmake_install.cmake
drwxrwxr-x  8 vuniverse vuniverse        4096 Aug 18 16:48 CMakeFiles
drwxr-xr-x 13 vuniverse vuniverse        4096 Aug 18 16:49 Documents
drwxrwxr-x  2 vuniverse vuniverse        4096 Aug 18 17:04 Project
drwxrwxr-x  9 vuniverse vuniverse        4096 Aug 18 18:20 CLionProjects
drwxr-xr-x  6 vuniverse vuniverse        4096 Aug 19 10:48 Desktop
drwxrwxr-x  2 vuniverse vuniverse        4096 Aug 19 11:52 base
drwxrwxr-x  2 vuniverse vuniverse        4096 Aug 19 11:52 d3xp
drwxrwxr-x  3 vuniverse vuniverse        4096 Aug 20 15:22 data
drwx------  3 vuniverse vuniverse        4096 Aug 21 13:04 tor-browser_en-US
drwxrwxr-x 14 vuniverse vuniverse       12288 Aug 24 11:01 Downloads
total 16088016
lrwxrwxrwx  1 vuniverse vuniverse          44 Jan  8  2021 PlsNo.jar -> /home/vuniverse/Documents/TLauncher-2.75.jar
drwxrwxr-x  3 vuniverse vuniverse        4096 Mar  9 21:36 Cppcode
-rw-rw-r--  1 vuniverse vuniverse    74071796 Apr 25 19:06 PortWGC-44
drwxrwxr-x  3 vuniverse vuniverse        4096 May  5 18:30 Steam
drwxrwxr-x  7 vuniverse vuniverse        4096 May  8 22:56 android-studio
drwxrwxr-x  3 vuniverse vuniverse        4096 May  9 09:49 Android
drwxrwxr-x  8 vuniverse vuniverse        4096 May 23 10:28 clion-2020.1.1
drwxrwxr-x  8 vuniverse vuniverse        4096 May 23 12:31 clion-2021.1.1
-rw-rw-r--  1 vuniverse vuniverse      148188 May 26 07:25 java_error_in_CLION_159269.log
drwxr-xr-x  6 vuniverse vuniverse        4096 Jun  3 20:10 The Offspring
drwxrwxr-x  3 vuniverse vuniverse        4096 Jun 15 14:25 Library
drwxrwxr-x  3 vuniverse vuniverse        4096 Jun 16 07:38 eclipse
drwxrwxr-x  3 vuniverse vuniverse        4096 Jun 16 09:13 eclipse-workspace
-rw-rw-r--  1 vuniverse vuniverse      400415 Jun 16 12:06 Rails.kra
drwxrwxr-x 11 vuniverse vuniverse        4096 Jun 17 22:19 aseprite
drwxrwxr-x  4 vuniverse vuniverse        4096 Jun 17 22:34 deps
drwxrwxr-x  4 vuniverse vuniverse        4096 Jun 22 10:46 aseprite-russian
-rw-rw-r--  1 vuniverse vuniverse          87 Jul  1 19:29 None.png
-rw-rw-r--  1 vuniverse vuniverse        8632 Jul  6 16:50 Roll_All.png
drwxrwxr-x 12 vuniverse vuniverse        4096 Jul  8 08:46 Doom64EX
drwxr-xr-x 14 vuniverse vuniverse        4096 Aug 10 16:51 Machine Head
drwxr-xr-x  9 vuniverse vuniverse        4096 Aug 10 17:08 Billy Talent
drwxrwxr-x  4 vuniverse vuniverse      126976 Aug 10 22:48 Music
drwxrwxr-x  8 vuniverse vuniverse        4096 Aug 11 10:16 Pictures
-rw-rw-r--  1 vuniverse vuniverse 16398775657 Aug 18 15:30 1.tar.gz
-rw-rw-r--  1 vuniverse vuniverse         311 Aug 18 16:48 config.h
-rw-rw-r--  1 vuniverse vuniverse       22210 Aug 18 16:48 CMakeCache.txt
-rw-rw-r--  1 vuniverse vuniverse      331691 Aug 18 16:48 Makefile
-rw-rw-r--  1 vuniverse vuniverse        4350 Aug 18 16:48 cmake_install.cmake
drwxrwxr-x  8 vuniverse vuniverse        4096 Aug 18 16:48 CMakeFiles
drwxr-xr-x 13 vuniverse vuniverse        4096 Aug 18 16:49 Documents
drwxrwxr-x  2 vuniverse vuniverse        4096 Aug 18 17:04 Project
drwxrwxr-x  9 vuniverse vuniverse        4096 Aug 18 18:20 CLionProjects
drwxr-xr-x  6 vuniverse vuniverse        4096 Aug 19 10:48 Desktop
drwxrwxr-x  2 vuniverse vuniverse        4096 Aug 19 11:52 base
drwxrwxr-x  2 vuniverse vuniverse        4096 Aug 19 11:52 d3xp
drwxrwxr-x  3 vuniverse vuniverse        4096 Aug 20 15:22 data
drwx------  3 vuniverse vuniverse        4096 Aug 21 13:04 tor-browser_en-US
drwxrwxr-x 14 vuniverse vuniverse       12288 Aug 24 11:01 Downloads
total 16088016
lrwxrwxrwx  1 vuniverse vuniverse          44 Jan  8  2021 PlsNo.jar -> /home/vuniverse/Documents/TLauncher-2.75.jar
drwxrwxr-x  3 vuniverse vuniverse        4096 Mar  9 21:36 Cppcode
-rw-rw-r--  1 vuniverse vuniverse    74071796 Apr 25 19:06 PortWGC-44
drwxrwxr-x  3 vuniverse vuniverse        4096 May  5 18:30 Steam
drwxrwxr-x  7 vuniverse vuniverse        4096 May  8 22:56 android-studio
drwxrwxr-x  3 vuniverse vuniverse        4096 May  9 09:49 Android
drwxrwxr-x  8 vuniverse vuniverse        4096 May 23 10:28 clion-2020.1.1
drwxrwxr-x  8 vuniverse vuniverse        4096 May 23 12:31 clion-2021.1.1
-rw-rw-r--  1 vuniverse vuniverse      148188 May 26 07:25 java_error_in_CLION_159269.log
drwxr-xr-x  6 vuniverse vuniverse        4096 Jun  3 20:10 The Offspring
drwxrwxr-x  3 vuniverse vuniverse        4096 Jun 15 14:25 Library
drwxrwxr-x  3 vuniverse vuniverse        4096 Jun 16 07:38 eclipse
drwxrwxr-x  3 vuniverse vuniverse        4096 Jun 16 09:13 eclipse-workspace
-rw-rw-r--  1 vuniverse vuniverse      400415 Jun 16 12:06 Rails.kra
drwxrwxr-x 11 vuniverse vuniverse        4096 Jun 17 22:19 aseprite
drwxrwxr-x  4 vuniverse vuniverse        4096 Jun 17 22:34 deps
drwxrwxr-x  4 vuniverse vuniverse        4096 Jun 22 10:46 aseprite-russian
-rw-rw-r--  1 vuniverse vuniverse          87 Jul  1 19:29 None.png
-rw-rw-r--  1 vuniverse vuniverse        8632 Jul  6 16:50 Roll_All.png
drwxrwxr-x 12 vuniverse vuniverse        4096 Jul  8 08:46 Doom64EX
drwxr-xr-x 14 vuniverse vuniverse        4096 Aug 10 16:51 Machine Head
drwxr-xr-x  9 vuniverse vuniverse        4096 Aug 10 17:08 Billy Talent
drwxrwxr-x  4 vuniverse vuniverse      126976 Aug 10 22:48 Music
drwxrwxr-x  8 vuniverse vuniverse        4096 Aug 11 10:16 Pictures
-rw-rw-r--  1 vuniverse vuniverse 16398775657 Aug 18 15:30 1.tar.gz
-rw-rw-r--  1 vuniverse vuniverse         311 Aug 18 16:48 config.h
-rw-rw-r--  1 vuniverse vuniverse       22210 Aug 18 16:48 CMakeCache.txt
-rw-rw-r--  1 vuniverse vuniverse      331691 Aug 18 16:48 Makefile
-rw-rw-r--  1 vuniverse vuniverse        4350 Aug 18 16:48 cmake_install.cmake
drwxrwxr-x  8 vuniverse vuniverse        4096 Aug 18 16:48 CMakeFiles
drwxr-xr-x 13 vuniverse vuniverse        4096 Aug 18 16:49 Documents
drwxrwxr-x  2 vuniverse vuniverse        4096 Aug 18 17:04 Project
drwxrwxr-x  9 vuniverse vuniverse        4096 Aug 18 18:20 CLionProjects
drwxr-xr-x  6 vuniverse vuniverse        4096 Aug 19 10:48 Desktop
drwxrwxr-x  2 vuniverse vuniverse        4096 Aug 19 11:52 base
drwxrwxr-x  2 vuniverse vuniverse        4096 Aug 19 11:52 d3xp
drwxrwxr-x  3 vuniverse vuniverse        4096 Aug 20 15:22 data
drwx------  3 vuniverse vuniverse        4096 Aug 21 13:04 tor-browser_en-US
drwxrwxr-x 14 vuniverse vuniverse       12288 Aug 24 11:01 Downloads
total 16088016
lrwxrwxrwx  1 vuniverse vuniverse          44 Jan  8  2021 PlsNo.jar -> /home/vuniverse/Documents/TLauncher-2.75.jar
drwxrwxr-x  3 vuniverse vuniverse        4096 Mar  9 21:36 Cppcode
-rw-rw-r--  1 vuniverse vuniverse    74071796 Apr 25 19:06 PortWGC-44
drwxrwxr-x  3 vuniverse vuniverse        4096 May  5 18:30 Steam
drwxrwxr-x  7 vuniverse vuniverse        4096 May  8 22:56 android-studio
drwxrwxr-x  3 vuniverse vuniverse        4096 May  9 09:49 Android
drwxrwxr-x  8 vuniverse vuniverse        4096 May 23 10:28 clion-2020.1.1
drwxrwxr-x  8 vuniverse vuniverse        4096 May 23 12:31 clion-2021.1.1
-rw-rw-r--  1 vuniverse vuniverse      148188 May 26 07:25 java_error_in_CLION_159269.log
drwxr-xr-x  6 vuniverse vuniverse        4096 Jun  3 20:10 The Offspring
drwxrwxr-x  3 vuniverse vuniverse        4096 Jun 15 14:25 Library
drwxrwxr-x  3 vuniverse vuniverse        4096 Jun 16 07:38 eclipse
drwxrwxr-x  3 vuniverse vuniverse        4096 Jun 16 09:13 eclipse-workspace
-rw-rw-r--  1 vuniverse vuniverse      400415 Jun 16 12:06 Rails.kra
drwxrwxr-x 11 vuniverse vuniverse        4096 Jun 17 22:19 aseprite
drwxrwxr-x  4 vuniverse vuniverse        4096 Jun 17 22:34 deps
drwxrwxr-x  4 vuniverse vuniverse        4096 Jun 22 10:46 aseprite-russian
-rw-rw-r--  1 vuniverse vuniverse          87 Jul  1 19:29 None.png
-rw-rw-r--  1 vuniverse vuniverse        8632 Jul  6 16:50 Roll_All.png
drwxrwxr-x 12 vuniverse vuniverse        4096 Jul  8 08:46 Doom64EX
drwxr-xr-x 14 vuniverse vuniverse        4096 Aug 10 16:51 Machine Head
drwxr-xr-x  9 vuniverse vuniverse        4096 Aug 10 17:08 Billy Talent
drwxrwxr-x  4 vuniverse vuniverse      126976 Aug 10 22:48 Music
drwxrwxr-x  8 vuniverse vuniverse        4096 Aug 11 10:16 Pictures
-rw-rw-r--  1 vuniverse vuniverse 16398775657 Aug 18 15:30 1.tar.gz
-rw-rw-r--  1 vuniverse vuniverse         311 Aug 18 16:48 config.h
-rw-rw-r--  1 vuniverse vuniverse       22210 Aug 18 16:48 CMakeCache.txt
-rw-rw-r--  1 vuniverse vuniverse      331691 Aug 18 16:48 Makefile
-rw-rw-r--  1 vuniverse vuniverse        4350 Aug 18 16:48 cmake_install.cmake
drwxrwxr-x  8 vuniverse vuniverse        4096 Aug 18 16:48 CMakeFiles
drwxr-xr-x 13 vuniverse vuniverse        4096 Aug 18 16:49 Documents
drwxrwxr-x  2 vuniverse vuniverse        4096 Aug 18 17:04 Project
drwxrwxr-x  9 vuniverse vuniverse        4096 Aug 18 18:20 CLionProjects
drwxr-xr-x  6 vuniverse vuniverse        4096 Aug 19 10:48 Desktop
drwxrwxr-x  2 vuniverse vuniverse        4096 Aug 19 11:52 base
drwxrwxr-x  2 vuniverse vuniverse        4096 Aug 19 11:52 d3xp
drwxrwxr-x  3 vuniverse vuniverse        4096 Aug 20 15:22 data
drwx------  3 vuniverse vuniverse        4096 Aug 21 13:04 tor-browser_en-US
drwxrwxr-x 14 vuniverse vuniverse       12288 Aug 24 11:01 Downloads
